<?xml version="1.0" encoding="UTF-8"?>
<testsuite xmlns:xsi="http://www.w3.org/2001/XMLSchema-instance" xsi:noNamespaceSchemaLocation="https://maven.apache.org/surefire/maven-surefire-plugin/xsd/surefire-test-report-3.0.xsd" version="3.0" name="TestSuite" time="29.705" tests="12" errors="0" skipped="0" failures="0">
  <properties>
[...]
</properties>
  <testcase name="testCreateUser" classname="api.testcase.UserTest" time="2.804">
    <system-out><![CDATA[On Start method invoked....
Name of test method started:testCreateUser
HTTP/1.1 200 OK
Date: Tue, 03 Oct 2023 12:08:46 GMT
Content-Type: application/json
Transfer-Encoding: chunked
Connection: keep-alive
Access-Control-Allow-Origin: *
Access-Control-Allow-Methods: GET, POST, DELETE, PUT
Access-Control-Allow-Headers: Content-Type, api_key, Authorization
Server: Jetty(9.2.9.v20150224)

{
    "code": 200,
    "type": "unknown",
    "message": "1003292107"
}
[INFO ] 2023-10-03 17:38:46.310 [main] RestAssuredAutomationFramework_test - Create User executed.
Name of test method sucessfully executed:testCreateUser
]]></system-out>
  </testcase>
  <testcase name="testGetUserData" classname="api.testcase.UserTest" time="2.829">
    <system-out><![CDATA[Name of test method started:testGetUserData
Read User Data.
HTTP/1.1 200 OK
Date: Tue, 03 Oct 2023 12:08:49 GMT
Content-Type: application/json
Transfer-Encoding: chunked
Connection: keep-alive
Access-Control-Allow-Origin: *
Access-Control-Allow-Methods: GET, POST, DELETE, PUT
Access-Control-Allow-Headers: Content-Type, api_key, Authorization
Server: Jetty(9.2.9.v20150224)

{
    "id": 1003292107,
    "username": "tanna.west",
    "firstName": "Reda",
    "lastName": "Hermiston",
    "email": "luis.ohara@example.com",
    "password": "tv6b3esh",
    "phone": "1-281-930-2774",
    "userStatus": 0
}
[INFO ] 2023-10-03 17:38:49.153 [main] RestAssuredAutomationFramework_test - Get User Data executed.
Name of test method sucessfully executed:testGetUserData
]]></system-out>
  </testcase>
  <testcase name="testUpdateUser" classname="api.testcase.UserTest" time="5.067">
    <system-out><![CDATA[Name of test method started:testUpdateUser
HTTP/1.1 200 OK
Date: Tue, 03 Oct 2023 12:08:52 GMT
Content-Type: application/json
Transfer-Encoding: chunked
Connection: keep-alive
Access-Control-Allow-Origin: *
Access-Control-Allow-Methods: GET, POST, DELETE, PUT
Access-Control-Allow-Headers: Content-Type, api_key, Authorization
Server: Jetty(9.2.9.v20150224)

{
    "code": 200,
    "type": "unknown",
    "message": "1003292107"
}
After Update User Data.
HTTP/1.1 200 OK
Date: Tue, 03 Oct 2023 12:08:54 GMT
Content-Type: application/json
Transfer-Encoding: chunked
Connection: keep-alive
Access-Control-Allow-Origin: *
Access-Control-Allow-Methods: GET, POST, DELETE, PUT
Access-Control-Allow-Headers: Content-Type, api_key, Authorization
Server: Jetty(9.2.9.v20150224)

{
    "id": 1003292107,
    "username": "tanna.west",
    "firstName": "Barbra",
    "lastName": "Hermiston",
    "email": "luis.ohara@example.com",
    "password": "tv6b3esh",
    "phone": "1-281-930-2774",
    "userStatus": 0
}
[INFO ] 2023-10-03 17:38:54.223 [main] RestAssuredAutomationFramework_test - Update User executed.
Name of test method sucessfully executed:testUpdateUser
]]></system-out>
  </testcase>
  <testcase name="testDeleteUser" classname="api.testcase.UserTest" time="1.657">
    <system-out><![CDATA[Name of test method started:testDeleteUser
Delete User Data.
HTTP/1.1 200 OK
Date: Tue, 03 Oct 2023 12:08:56 GMT
Content-Type: application/json
Transfer-Encoding: chunked
Connection: keep-alive
Access-Control-Allow-Origin: *
Access-Control-Allow-Methods: GET, POST, DELETE, PUT
Access-Control-Allow-Headers: Content-Type, api_key, Authorization
Server: Jetty(9.2.9.v20150224)

{
    "code": 200,
    "type": "unknown",
    "message": "tanna.west"
}
[INFO ] 2023-10-03 17:38:55.879 [main] RestAssuredAutomationFramework_test - Delete User executed.
Name of test method sucessfully executed:testDeleteUser
]]></system-out>
  </testcase>
  <testcase name="testCreateUser[2020, user1, Rita, Gupta, a@gmail.com, test@1, 1234567897](1)" classname="api.testcase.UserTestDD" time="1.592">
    <system-out><![CDATA[[DEBUG] 2023-10-03 17:38:55.991 [main] PackageRelationshipCollection - Parsing relationship: /xl/_rels/workbook.xml.rels
[DEBUG] 2023-10-03 17:38:55.993 [main] PackageRelationshipCollection - Parsing relationship: /xl/worksheets/_rels/sheet1.xml.rels
[DEBUG] 2023-10-03 17:38:55.995 [main] PackageRelationshipCollection - Parsing relationship: /_rels/.rels
[DEBUG] 2023-10-03 17:38:56.408 [main] PackageRelationshipCollection - Parsing relationship: /xl/_rels/workbook.xml.rels
[DEBUG] 2023-10-03 17:38:56.409 [main] PackageRelationshipCollection - Parsing relationship: /xl/worksheets/_rels/sheet1.xml.rels
[DEBUG] 2023-10-03 17:38:56.409 [main] PackageRelationshipCollection - Parsing relationship: /_rels/.rels
[DEBUG] 2023-10-03 17:38:56.430 [main] PackageRelationshipCollection - Parsing relationship: /xl/_rels/workbook.xml.rels
[DEBUG] 2023-10-03 17:38:56.431 [main] PackageRelationshipCollection - Parsing relationship: /xl/worksheets/_rels/sheet1.xml.rels
[DEBUG] 2023-10-03 17:38:56.432 [main] PackageRelationshipCollection - Parsing relationship: /_rels/.rels
[DEBUG] 2023-10-03 17:38:56.454 [main] PackageRelationshipCollection - Parsing relationship: /xl/_rels/workbook.xml.rels
[DEBUG] 2023-10-03 17:38:56.454 [main] PackageRelationshipCollection - Parsing relationship: /xl/worksheets/_rels/sheet1.xml.rels
[DEBUG] 2023-10-03 17:38:56.455 [main] PackageRelationshipCollection - Parsing relationship: /_rels/.rels
[DEBUG] 2023-10-03 17:38:56.472 [main] PackageRelationshipCollection - Parsing relationship: /xl/_rels/workbook.xml.rels
[DEBUG] 2023-10-03 17:38:56.473 [main] PackageRelationshipCollection - Parsing relationship: /xl/worksheets/_rels/sheet1.xml.rels
[DEBUG] 2023-10-03 17:38:56.473 [main] PackageRelationshipCollection - Parsing relationship: /_rels/.rels
[DEBUG] 2023-10-03 17:38:56.489 [main] PackageRelationshipCollection - Parsing relationship: /xl/_rels/workbook.xml.rels
[DEBUG] 2023-10-03 17:38:56.489 [main] PackageRelationshipCollection - Parsing relationship: /xl/worksheets/_rels/sheet1.xml.rels
[DEBUG] 2023-10-03 17:38:56.489 [main] PackageRelationshipCollection - Parsing relationship: /_rels/.rels
[DEBUG] 2023-10-03 17:38:56.504 [main] PackageRelationshipCollection - Parsing relationship: /xl/_rels/workbook.xml.rels
[DEBUG] 2023-10-03 17:38:56.505 [main] PackageRelationshipCollection - Parsing relationship: /xl/worksheets/_rels/sheet1.xml.rels
[DEBUG] 2023-10-03 17:38:56.505 [main] PackageRelationshipCollection - Parsing relationship: /_rels/.rels
[DEBUG] 2023-10-03 17:38:56.520 [main] PackageRelationshipCollection - Parsing relationship: /xl/_rels/workbook.xml.rels
[DEBUG] 2023-10-03 17:38:56.520 [main] PackageRelationshipCollection - Parsing relationship: /xl/worksheets/_rels/sheet1.xml.rels
[DEBUG] 2023-10-03 17:38:56.521 [main] PackageRelationshipCollection - Parsing relationship: /_rels/.rels
[DEBUG] 2023-10-03 17:38:56.535 [main] PackageRelationshipCollection - Parsing relationship: /xl/_rels/workbook.xml.rels
[DEBUG] 2023-10-03 17:38:56.535 [main] PackageRelationshipCollection - Parsing relationship: /xl/worksheets/_rels/sheet1.xml.rels
[DEBUG] 2023-10-03 17:38:56.536 [main] PackageRelationshipCollection - Parsing relationship: /_rels/.rels
[DEBUG] 2023-10-03 17:38:56.549 [main] PackageRelationshipCollection - Parsing relationship: /xl/_rels/workbook.xml.rels
[DEBUG] 2023-10-03 17:38:56.550 [main] PackageRelationshipCollection - Parsing relationship: /xl/worksheets/_rels/sheet1.xml.rels
[DEBUG] 2023-10-03 17:38:56.550 [main] PackageRelationshipCollection - Parsing relationship: /_rels/.rels
[DEBUG] 2023-10-03 17:38:56.564 [main] PackageRelationshipCollection - Parsing relationship: /xl/_rels/workbook.xml.rels
[DEBUG] 2023-10-03 17:38:56.565 [main] PackageRelationshipCollection - Parsing relationship: /xl/worksheets/_rels/sheet1.xml.rels
[DEBUG] 2023-10-03 17:38:56.565 [main] PackageRelationshipCollection - Parsing relationship: /_rels/.rels
[DEBUG] 2023-10-03 17:38:56.577 [main] PackageRelationshipCollection - Parsing relationship: /xl/_rels/workbook.xml.rels
[DEBUG] 2023-10-03 17:38:56.578 [main] PackageRelationshipCollection - Parsing relationship: /xl/worksheets/_rels/sheet1.xml.rels
[DEBUG] 2023-10-03 17:38:56.578 [main] PackageRelationshipCollection - Parsing relationship: /_rels/.rels
[DEBUG] 2023-10-03 17:38:56.590 [main] PackageRelationshipCollection - Parsing relationship: /xl/_rels/workbook.xml.rels
[DEBUG] 2023-10-03 17:38:56.591 [main] PackageRelationshipCollection - Parsing relationship: /xl/worksheets/_rels/sheet1.xml.rels
[DEBUG] 2023-10-03 17:38:56.591 [main] PackageRelationshipCollection - Parsing relationship: /_rels/.rels
[DEBUG] 2023-10-03 17:38:56.601 [main] PackageRelationshipCollection - Parsing relationship: /xl/_rels/workbook.xml.rels
[DEBUG] 2023-10-03 17:38:56.602 [main] PackageRelationshipCollection - Parsing relationship: /xl/worksheets/_rels/sheet1.xml.rels
[DEBUG] 2023-10-03 17:38:56.602 [main] PackageRelationshipCollection - Parsing relationship: /_rels/.rels
[DEBUG] 2023-10-03 17:38:56.613 [main] PackageRelationshipCollection - Parsing relationship: /xl/_rels/workbook.xml.rels
[DEBUG] 2023-10-03 17:38:56.614 [main] PackageRelationshipCollection - Parsing relationship: /xl/worksheets/_rels/sheet1.xml.rels
[DEBUG] 2023-10-03 17:38:56.614 [main] PackageRelationshipCollection - Parsing relationship: /_rels/.rels
[DEBUG] 2023-10-03 17:38:56.627 [main] PackageRelationshipCollection - Parsing relationship: /xl/_rels/workbook.xml.rels
[DEBUG] 2023-10-03 17:38:56.627 [main] PackageRelationshipCollection - Parsing relationship: /xl/worksheets/_rels/sheet1.xml.rels
[DEBUG] 2023-10-03 17:38:56.627 [main] PackageRelationshipCollection - Parsing relationship: /_rels/.rels
[DEBUG] 2023-10-03 17:38:56.648 [main] PackageRelationshipCollection - Parsing relationship: /xl/_rels/workbook.xml.rels
[DEBUG] 2023-10-03 17:38:56.649 [main] PackageRelationshipCollection - Parsing relationship: /xl/worksheets/_rels/sheet1.xml.rels
[DEBUG] 2023-10-03 17:38:56.649 [main] PackageRelationshipCollection - Parsing relationship: /_rels/.rels
[DEBUG] 2023-10-03 17:38:56.661 [main] PackageRelationshipCollection - Parsing relationship: /xl/_rels/workbook.xml.rels
[DEBUG] 2023-10-03 17:38:56.662 [main] PackageRelationshipCollection - Parsing relationship: /xl/worksheets/_rels/sheet1.xml.rels
[DEBUG] 2023-10-03 17:38:56.662 [main] PackageRelationshipCollection - Parsing relationship: /_rels/.rels
[DEBUG] 2023-10-03 17:38:56.673 [main] PackageRelationshipCollection - Parsing relationship: /xl/_rels/workbook.xml.rels
[DEBUG] 2023-10-03 17:38:56.674 [main] PackageRelationshipCollection - Parsing relationship: /xl/worksheets/_rels/sheet1.xml.rels
[DEBUG] 2023-10-03 17:38:56.674 [main] PackageRelationshipCollection - Parsing relationship: /_rels/.rels
[DEBUG] 2023-10-03 17:38:56.684 [main] PackageRelationshipCollection - Parsing relationship: /xl/_rels/workbook.xml.rels
[DEBUG] 2023-10-03 17:38:56.685 [main] PackageRelationshipCollection - Parsing relationship: /xl/worksheets/_rels/sheet1.xml.rels
[DEBUG] 2023-10-03 17:38:56.685 [main] PackageRelationshipCollection - Parsing relationship: /_rels/.rels
[DEBUG] 2023-10-03 17:38:56.697 [main] PackageRelationshipCollection - Parsing relationship: /xl/_rels/workbook.xml.rels
[DEBUG] 2023-10-03 17:38:56.698 [main] PackageRelationshipCollection - Parsing relationship: /xl/worksheets/_rels/sheet1.xml.rels
[DEBUG] 2023-10-03 17:38:56.699 [main] PackageRelationshipCollection - Parsing relationship: /_rels/.rels
[DEBUG] 2023-10-03 17:38:56.710 [main] PackageRelationshipCollection - Parsing relationship: /xl/_rels/workbook.xml.rels
[DEBUG] 2023-10-03 17:38:56.710 [main] PackageRelationshipCollection - Parsing relationship: /xl/worksheets/_rels/sheet1.xml.rels
[DEBUG] 2023-10-03 17:38:56.712 [main] PackageRelationshipCollection - Parsing relationship: /_rels/.rels
[DEBUG] 2023-10-03 17:38:56.721 [main] PackageRelationshipCollection - Parsing relationship: /xl/_rels/workbook.xml.rels
[DEBUG] 2023-10-03 17:38:56.721 [main] PackageRelationshipCollection - Parsing relationship: /xl/worksheets/_rels/sheet1.xml.rels
[DEBUG] 2023-10-03 17:38:56.722 [main] PackageRelationshipCollection - Parsing relationship: /_rels/.rels
[DEBUG] 2023-10-03 17:38:56.732 [main] PackageRelationshipCollection - Parsing relationship: /xl/_rels/workbook.xml.rels
[DEBUG] 2023-10-03 17:38:56.733 [main] PackageRelationshipCollection - Parsing relationship: /xl/worksheets/_rels/sheet1.xml.rels
[DEBUG] 2023-10-03 17:38:56.733 [main] PackageRelationshipCollection - Parsing relationship: /_rels/.rels
[DEBUG] 2023-10-03 17:38:56.744 [main] PackageRelationshipCollection - Parsing relationship: /xl/_rels/workbook.xml.rels
[DEBUG] 2023-10-03 17:38:56.744 [main] PackageRelationshipCollection - Parsing relationship: /xl/worksheets/_rels/sheet1.xml.rels
[DEBUG] 2023-10-03 17:38:56.745 [main] PackageRelationshipCollection - Parsing relationship: /_rels/.rels
[DEBUG] 2023-10-03 17:38:56.754 [main] PackageRelationshipCollection - Parsing relationship: /xl/_rels/workbook.xml.rels
[DEBUG] 2023-10-03 17:38:56.755 [main] PackageRelationshipCollection - Parsing relationship: /xl/worksheets/_rels/sheet1.xml.rels
[DEBUG] 2023-10-03 17:38:56.755 [main] PackageRelationshipCollection - Parsing relationship: /_rels/.rels
[DEBUG] 2023-10-03 17:38:56.767 [main] PackageRelationshipCollection - Parsing relationship: /xl/_rels/workbook.xml.rels
[DEBUG] 2023-10-03 17:38:56.768 [main] PackageRelationshipCollection - Parsing relationship: /xl/worksheets/_rels/sheet1.xml.rels
[DEBUG] 2023-10-03 17:38:56.768 [main] PackageRelationshipCollection - Parsing relationship: /_rels/.rels
[DEBUG] 2023-10-03 17:38:56.778 [main] PackageRelationshipCollection - Parsing relationship: /xl/_rels/workbook.xml.rels
[DEBUG] 2023-10-03 17:38:56.778 [main] PackageRelationshipCollection - Parsing relationship: /xl/worksheets/_rels/sheet1.xml.rels
[DEBUG] 2023-10-03 17:38:56.778 [main] PackageRelationshipCollection - Parsing relationship: /_rels/.rels
[DEBUG] 2023-10-03 17:38:56.788 [main] PackageRelationshipCollection - Parsing relationship: /xl/_rels/workbook.xml.rels
[DEBUG] 2023-10-03 17:38:56.788 [main] PackageRelationshipCollection - Parsing relationship: /xl/worksheets/_rels/sheet1.xml.rels
[DEBUG] 2023-10-03 17:38:56.789 [main] PackageRelationshipCollection - Parsing relationship: /_rels/.rels
[DEBUG] 2023-10-03 17:38:56.798 [main] PackageRelationshipCollection - Parsing relationship: /xl/_rels/workbook.xml.rels
[DEBUG] 2023-10-03 17:38:56.799 [main] PackageRelationshipCollection - Parsing relationship: /xl/worksheets/_rels/sheet1.xml.rels
[DEBUG] 2023-10-03 17:38:56.799 [main] PackageRelationshipCollection - Parsing relationship: /_rels/.rels
Name of test method started:testCreateUser
HTTP/1.1 200 OK
Date: Tue, 03 Oct 2023 12:08:58 GMT
Content-Type: application/json
Transfer-Encoding: chunked
Connection: keep-alive
Access-Control-Allow-Origin: *
Access-Control-Allow-Methods: GET, POST, DELETE, PUT
Access-Control-Allow-Headers: Content-Type, api_key, Authorization
Server: Jetty(9.2.9.v20150224)

{
    "code": 200,
    "type": "unknown",
    "message": "2020"
}
[INFO ] 2023-10-03 17:38:58.400 [main] RestAssuredAutomationFramework_DDtest - DD Create User executed.
Name of test method sucessfully executed:testCreateUser
]]></system-out>
  </testcase>
  <testcase name="testCreateUser[2021, user2, Radha, Jain, b@gmail.com, test@2, 1234567897](2)" classname="api.testcase.UserTestDD" time="1.952">
    <system-out><![CDATA[Name of test method started:testCreateUser
HTTP/1.1 200 OK
Date: Tue, 03 Oct 2023 12:09:00 GMT
Content-Type: application/json
Transfer-Encoding: chunked
Connection: keep-alive
Access-Control-Allow-Origin: *
Access-Control-Allow-Methods: GET, POST, DELETE, PUT
Access-Control-Allow-Headers: Content-Type, api_key, Authorization
Server: Jetty(9.2.9.v20150224)

{
    "code": 200,
    "type": "unknown",
    "message": "2021"
}
[INFO ] 2023-10-03 17:39:00.355 [main] RestAssuredAutomationFramework_DDtest - DD Create User executed.
Name of test method sucessfully executed:testCreateUser
]]></system-out>
  </testcase>
  <testcase name="testCreateUser[2022, user3, Smita, Pathak, c@gmail.com, test@3, 1234567897](3)" classname="api.testcase.UserTestDD" time="2.879">
    <system-out><![CDATA[Name of test method started:testCreateUser
HTTP/1.1 200 OK
Date: Tue, 03 Oct 2023 12:09:03 GMT
Content-Type: application/json
Transfer-Encoding: chunked
Connection: keep-alive
Access-Control-Allow-Origin: *
Access-Control-Allow-Methods: GET, POST, DELETE, PUT
Access-Control-Allow-Headers: Content-Type, api_key, Authorization
Server: Jetty(9.2.9.v20150224)

{
    "code": 200,
    "type": "unknown",
    "message": "2022"
}
[INFO ] 2023-10-03 17:39:03.236 [main] RestAssuredAutomationFramework_DDtest - DD Create User executed.
Name of test method sucessfully executed:testCreateUser
]]></system-out>
  </testcase>
  <testcase name="testCreateUser[2024, user4, Renu, Shah, renu@gmail.com, test@4, 1234567897](4)" classname="api.testcase.UserTestDD" time="1.565">
    <system-out><![CDATA[Name of test method started:testCreateUser
HTTP/1.1 200 OK
Date: Tue, 03 Oct 2023 12:09:05 GMT
Content-Type: application/json
Transfer-Encoding: chunked
Connection: keep-alive
Access-Control-Allow-Origin: *
Access-Control-Allow-Methods: GET, POST, DELETE, PUT
Access-Control-Allow-Headers: Content-Type, api_key, Authorization
Server: Jetty(9.2.9.v20150224)

{
    "code": 200,
    "type": "unknown",
    "message": "2024"
}
[INFO ] 2023-10-03 17:39:04.801 [main] RestAssuredAutomationFramework_DDtest - DD Create User executed.
Name of test method sucessfully executed:testCreateUser
]]></system-out>
  </testcase>
  <testcase name="testDeleteUser[user1](1)" classname="api.testcase.UserTestDD" time="1.88">
    <system-out><![CDATA[[DEBUG] 2023-10-03 17:39:04.808 [main] PackageRelationshipCollection - Parsing relationship: /xl/_rels/workbook.xml.rels
[DEBUG] 2023-10-03 17:39:04.809 [main] PackageRelationshipCollection - Parsing relationship: /xl/worksheets/_rels/sheet1.xml.rels
[DEBUG] 2023-10-03 17:39:04.809 [main] PackageRelationshipCollection - Parsing relationship: /_rels/.rels
[DEBUG] 2023-10-03 17:39:04.817 [main] PackageRelationshipCollection - Parsing relationship: /xl/_rels/workbook.xml.rels
[DEBUG] 2023-10-03 17:39:04.818 [main] PackageRelationshipCollection - Parsing relationship: /xl/worksheets/_rels/sheet1.xml.rels
[DEBUG] 2023-10-03 17:39:04.818 [main] PackageRelationshipCollection - Parsing relationship: /_rels/.rels
[DEBUG] 2023-10-03 17:39:04.826 [main] PackageRelationshipCollection - Parsing relationship: /xl/_rels/workbook.xml.rels
[DEBUG] 2023-10-03 17:39:04.827 [main] PackageRelationshipCollection - Parsing relationship: /xl/worksheets/_rels/sheet1.xml.rels
[DEBUG] 2023-10-03 17:39:04.827 [main] PackageRelationshipCollection - Parsing relationship: /_rels/.rels
[DEBUG] 2023-10-03 17:39:04.835 [main] PackageRelationshipCollection - Parsing relationship: /xl/_rels/workbook.xml.rels
[DEBUG] 2023-10-03 17:39:04.836 [main] PackageRelationshipCollection - Parsing relationship: /xl/worksheets/_rels/sheet1.xml.rels
[DEBUG] 2023-10-03 17:39:04.836 [main] PackageRelationshipCollection - Parsing relationship: /_rels/.rels
[DEBUG] 2023-10-03 17:39:04.846 [main] PackageRelationshipCollection - Parsing relationship: /xl/_rels/workbook.xml.rels
[DEBUG] 2023-10-03 17:39:04.846 [main] PackageRelationshipCollection - Parsing relationship: /xl/worksheets/_rels/sheet1.xml.rels
[DEBUG] 2023-10-03 17:39:04.847 [main] PackageRelationshipCollection - Parsing relationship: /_rels/.rels
Name of test method started:testDeleteUser
Delete User Data.
HTTP/1.1 200 OK
Date: Tue, 03 Oct 2023 12:09:07 GMT
Content-Type: application/json
Transfer-Encoding: chunked
Connection: keep-alive
Access-Control-Allow-Origin: *
Access-Control-Allow-Methods: GET, POST, DELETE, PUT
Access-Control-Allow-Headers: Content-Type, api_key, Authorization
Server: Jetty(9.2.9.v20150224)

{
    "code": 200,
    "type": "unknown",
    "message": "user1"
}
[INFO ] 2023-10-03 17:39:06.733 [main] RestAssuredAutomationFramework_DDtest - DD Delete User executed.
Name of test method sucessfully executed:testDeleteUser
]]></system-out>
  </testcase>
  <testcase name="testDeleteUser[user2](2)" classname="api.testcase.UserTestDD" time="1.905">
    <system-out><![CDATA[Name of test method started:testDeleteUser
Delete User Data.
HTTP/1.1 200 OK
Date: Tue, 03 Oct 2023 12:09:09 GMT
Content-Type: application/json
Transfer-Encoding: chunked
Connection: keep-alive
Access-Control-Allow-Origin: *
Access-Control-Allow-Methods: GET, POST, DELETE, PUT
Access-Control-Allow-Headers: Content-Type, api_key, Authorization
Server: Jetty(9.2.9.v20150224)

{
    "code": 200,
    "type": "unknown",
    "message": "user2"
}
[INFO ] 2023-10-03 17:39:08.639 [main] RestAssuredAutomationFramework_DDtest - DD Delete User executed.
Name of test method sucessfully executed:testDeleteUser
]]></system-out>
  </testcase>
  <testcase name="testDeleteUser[user3](3)" classname="api.testcase.UserTestDD" time="1.597">
    <system-out><![CDATA[Name of test method started:testDeleteUser
Delete User Data.
HTTP/1.1 200 OK
Date: Tue, 03 Oct 2023 12:09:10 GMT
Content-Type: application/json
Transfer-Encoding: chunked
Connection: keep-alive
Access-Control-Allow-Origin: *
Access-Control-Allow-Methods: GET, POST, DELETE, PUT
Access-Control-Allow-Headers: Content-Type, api_key, Authorization
Server: Jetty(9.2.9.v20150224)

{
    "code": 200,
    "type": "unknown",
    "message": "user3"
}
[INFO ] 2023-10-03 17:39:10.239 [main] RestAssuredAutomationFramework_DDtest - DD Delete User executed.
Name of test method sucessfully executed:testDeleteUser
]]></system-out>
  </testcase>
  <testcase name="testDeleteUser[user4](4)" classname="api.testcase.UserTestDD" time="1.601">
    <system-out><![CDATA[Name of test method started:testDeleteUser
Delete User Data.
HTTP/1.1 200 OK
Date: Tue, 03 Oct 2023 12:09:12 GMT
Content-Type: application/json
Transfer-Encoding: chunked
Connection: keep-alive
Access-Control-Allow-Origin: *
Access-Control-Allow-Methods: GET, POST, DELETE, PUT
Access-Control-Allow-Headers: Content-Type, api_key, Authorization
Server: Jetty(9.2.9.v20150224)

{
    "code": 200,
    "type": "unknown",
    "message": "user4"
}
[INFO ] 2023-10-03 17:39:11.840 [main] RestAssuredAutomationFramework_DDtest - DD Delete User executed.
Name of test method sucessfully executed:testDeleteUser
]]></system-out>
  </testcase>
</testsuite>