<?xml version="1.0" encoding="UTF-8"?>
<testng-results ignored="0" total="12" passed="12" failed="0" skipped="0">
  <reporter-output>
  </reporter-output>
  <suite started-at="2023-10-03T17:38:42 IST" name="Suite" finished-at="2023-10-03T17:39:11 IST" duration-ms="28848">
    <groups>
    </groups>
    <test started-at="2023-10-03T17:38:42 IST" name="Test" finished-at="2023-10-03T17:39:11 IST" duration-ms="28848">
      <class name="api.testcase.UserTest">
        <test-method is-config="true" signature="generateTestData()[pri:0, instance:api.testcase.UserTest@3967e60c]" started-at="2023-10-03T17:38:43 IST" name="generateTestData" finished-at="2023-10-03T17:38:43 IST" duration-ms="390" status="PASS">
          <reporter-output>
          </reporter-output>
        </test-method> <!-- generateTestData -->
        <test-method signature="testCreateUser()[pri:1, instance:api.testcase.UserTest@3967e60c]" started-at="2023-10-03T17:38:43 IST" name="testCreateUser" finished-at="2023-10-03T17:38:46 IST" duration-ms="2794" status="PASS">
          <reporter-output>
          </reporter-output>
        </test-method> <!-- testCreateUser -->
        <test-method signature="testGetUserData()[pri:2, instance:api.testcase.UserTest@3967e60c]" started-at="2023-10-03T17:38:46 IST" name="testGetUserData" finished-at="2023-10-03T17:38:49 IST" duration-ms="2828" status="PASS">
          <reporter-output>
          </reporter-output>
        </test-method> <!-- testGetUserData -->
        <test-method signature="testUpdateUser()[pri:3, instance:api.testcase.UserTest@3967e60c]" started-at="2023-10-03T17:38:49 IST" name="testUpdateUser" finished-at="2023-10-03T17:38:54 IST" duration-ms="5067" status="PASS">
          <reporter-output>
          </reporter-output>
        </test-method> <!-- testUpdateUser -->
        <test-method signature="testDeleteUser()[pri:4, instance:api.testcase.UserTest@3967e60c]" started-at="2023-10-03T17:38:54 IST" name="testDeleteUser" finished-at="2023-10-03T17:38:55 IST" duration-ms="1654" status="PASS">
          <reporter-output>
          </reporter-output>
        </test-method> <!-- testDeleteUser -->
      </class> <!-- api.testcase.UserTest -->
      <class name="api.testcase.UserTestDD">
        <test-method signature="testCreateUser(java.lang.String,java.lang.String,java.lang.String,java.lang.String,java.lang.String,java.lang.String,java.lang.String)[pri:1, instance:api.testcase.UserTestDD@65466a6a]" started-at="2023-10-03T17:38:56 IST" name="testCreateUser" data-provider="AllData" finished-at="2023-10-03T17:38:58 IST" duration-ms="1591" status="PASS">
          <params>
            <param index="0">
              <value>
                <![CDATA[2020]]>
              </value>
            </param>
            <param index="1">
              <value>
                <![CDATA[user1]]>
              </value>
            </param>
            <param index="2">
              <value>
                <![CDATA[Rita]]>
              </value>
            </param>
            <param index="3">
              <value>
                <![CDATA[Gupta]]>
              </value>
            </param>
            <param index="4">
              <value>
                <![CDATA[a@gmail.com]]>
              </value>
            </param>
            <param index="5">
              <value>
                <![CDATA[test@1]]>
              </value>
            </param>
            <param index="6">
              <value>
                <![CDATA[1234567897]]>
              </value>
            </param>
          </params>
          <reporter-output>
          </reporter-output>
        </test-method> <!-- testCreateUser -->
        <test-method signature="testCreateUser(java.lang.String,java.lang.String,java.lang.String,java.lang.String,java.lang.String,java.lang.String,java.lang.String)[pri:1, instance:api.testcase.UserTestDD@65466a6a]" started-at="2023-10-03T17:38:58 IST" name="testCreateUser" data-provider="AllData" finished-at="2023-10-03T17:39:00 IST" duration-ms="1955" status="PASS">
          <params>
            <param index="0">
              <value>
                <![CDATA[2021]]>
              </value>
            </param>
            <param index="1">
              <value>
                <![CDATA[user2]]>
              </value>
            </param>
            <param index="2">
              <value>
                <![CDATA[Radha]]>
              </value>
            </param>
            <param index="3">
              <value>
                <![CDATA[Jain]]>
              </value>
            </param>
            <param index="4">
              <value>
                <![CDATA[b@gmail.com]]>
              </value>
            </param>
            <param index="5">
              <value>
                <![CDATA[test@2]]>
              </value>
            </param>
            <param index="6">
              <value>
                <![CDATA[1234567897]]>
              </value>
            </param>
          </params>
          <reporter-output>
          </reporter-output>
        </test-method> <!-- testCreateUser -->
        <test-method signature="testCreateUser(java.lang.String,java.lang.String,java.lang.String,java.lang.String,java.lang.String,java.lang.String,java.lang.String)[pri:1, instance:api.testcase.UserTestDD@65466a6a]" started-at="2023-10-03T17:39:00 IST" name="testCreateUser" data-provider="AllData" finished-at="2023-10-03T17:39:03 IST" duration-ms="2880" status="PASS">
          <params>
            <param index="0">
              <value>
                <![CDATA[2022]]>
              </value>
            </param>
            <param index="1">
              <value>
                <![CDATA[user3]]>
              </value>
            </param>
            <param index="2">
              <value>
                <![CDATA[Smita]]>
              </value>
            </param>
            <param index="3">
              <value>
                <![CDATA[Pathak]]>
              </value>
            </param>
            <param index="4">
              <value>
                <![CDATA[c@gmail.com]]>
              </value>
            </param>
            <param index="5">
              <value>
                <![CDATA[test@3]]>
              </value>
            </param>
            <param index="6">
              <value>
                <![CDATA[1234567897]]>
              </value>
            </param>
          </params>
          <reporter-output>
          </reporter-output>
        </test-method> <!-- testCreateUser -->
        <test-method signature="testCreateUser(java.lang.String,java.lang.String,java.lang.String,java.lang.String,java.lang.String,java.lang.String,java.lang.String)[pri:1, instance:api.testcase.UserTestDD@65466a6a]" started-at="2023-10-03T17:39:03 IST" name="testCreateUser" data-provider="AllData" finished-at="2023-10-03T17:39:04 IST" duration-ms="1564" status="PASS">
          <params>
            <param index="0">
              <value>
                <![CDATA[2024]]>
              </value>
            </param>
            <param index="1">
              <value>
                <![CDATA[user4]]>
              </value>
            </param>
            <param index="2">
              <value>
                <![CDATA[Renu]]>
              </value>
            </param>
            <param index="3">
              <value>
                <![CDATA[Shah]]>
              </value>
            </param>
            <param index="4">
              <value>
                <![CDATA[renu@gmail.com]]>
              </value>
            </param>
            <param index="5">
              <value>
                <![CDATA[test@4]]>
              </value>
            </param>
            <param index="6">
              <value>
                <![CDATA[1234567897]]>
              </value>
            </param>
          </params>
          <reporter-output>
          </reporter-output>
        </test-method> <!-- testCreateUser -->
        <test-method signature="testDeleteUser(java.lang.String)[pri:2, instance:api.testcase.UserTestDD@65466a6a]" started-at="2023-10-03T17:39:04 IST" name="testDeleteUser" data-provider="UserNameData" finished-at="2023-10-03T17:39:06 IST" duration-ms="1880" status="PASS">
          <params>
            <param index="0">
              <value>
                <![CDATA[user1]]>
              </value>
            </param>
          </params>
          <reporter-output>
          </reporter-output>
        </test-method> <!-- testDeleteUser -->
        <test-method signature="testDeleteUser(java.lang.String)[pri:2, instance:api.testcase.UserTestDD@65466a6a]" started-at="2023-10-03T17:39:06 IST" name="testDeleteUser" data-provider="UserNameData" finished-at="2023-10-03T17:39:08 IST" duration-ms="1905" status="PASS">
          <params>
            <param index="0">
              <value>
                <![CDATA[user2]]>
              </value>
            </param>
          </params>
          <reporter-output>
          </reporter-output>
        </test-method> <!-- testDeleteUser -->
        <test-method signature="testDeleteUser(java.lang.String)[pri:2, instance:api.testcase.UserTestDD@65466a6a]" started-at="2023-10-03T17:39:08 IST" name="testDeleteUser" data-provider="UserNameData" finished-at="2023-10-03T17:39:10 IST" duration-ms="1599" status="PASS">
          <params>
            <param index="0">
              <value>
                <![CDATA[user3]]>
              </value>
            </param>
          </params>
          <reporter-output>
          </reporter-output>
        </test-method> <!-- testDeleteUser -->
        <test-method signature="testDeleteUser(java.lang.String)[pri:2, instance:api.testcase.UserTestDD@65466a6a]" started-at="2023-10-03T17:39:10 IST" name="testDeleteUser" data-provider="UserNameData" finished-at="2023-10-03T17:39:11 IST" duration-ms="1601" status="PASS">
          <params>
            <param index="0">
              <value>
                <![CDATA[user4]]>
              </value>
            </param>
          </params>
          <reporter-output>
          </reporter-output>
        </test-method> <!-- testDeleteUser -->
      </class> <!-- api.testcase.UserTestDD -->
    </test> <!-- Test -->
  </suite> <!-- Suite -->
</testng-results>
