<?xml version="1.0" encoding="UTF-8"?>
<!-- Generated by org.testng.reporters.JUnitXMLReporter -->
<testsuite ignored="0" hostname="LAPTOP-CLNODGQA" failures="0" tests="12" name="Test" time="28.848" errors="0" timestamp="2023-10-03T17:39:11 IST">
  <testcase classname="api.testcase.UserTest" name="testCreateUser" time="2.794"/>
  <testcase classname="api.testcase.UserTest" name="testGetUserData" time="2.828"/>
  <testcase classname="api.testcase.UserTest" name="testUpdateUser" time="5.067"/>
  <testcase classname="api.testcase.UserTest" name="testDeleteUser" time="1.654"/>
  <testcase classname="api.testcase.UserTestDD" name="testCreateUser" time="1.591"/>
  <testcase classname="api.testcase.UserTestDD" name="testCreateUser" time="1.955"/>
  <testcase classname="api.testcase.UserTestDD" name="testCreateUser" time="2.88"/>
  <testcase classname="api.testcase.UserTestDD" name="testCreateUser" time="1.564"/>
  <testcase classname="api.testcase.UserTestDD" name="testDeleteUser" time="1.88"/>
  <testcase classname="api.testcase.UserTestDD" name="testDeleteUser" time="1.905"/>
  <testcase classname="api.testcase.UserTestDD" name="testDeleteUser" time="1.599"/>
  <testcase classname="api.testcase.UserTestDD" name="testDeleteUser" time="1.601"/>
</testsuite> <!-- Test -->
