<?xml version="1.0" encoding="UTF-8"?>
<!-- Generated by org.testng.reporters.JUnitXMLReporter -->
<testsuite hostname="LAPTOP-CLNODGQA" ignored="0" name="Test" tests="12" failures="0" timestamp="2023-10-02T19:23:41 IST" time="27.579" errors="0">
  <testcase name="testCreateUser" time="3.447" classname="api.testcase.UserTest"/>
  <testcase name="testGetUserData" time="2.813" classname="api.testcase.UserTest"/>
  <testcase name="testUpdateUser" time="4.479" classname="api.testcase.UserTest"/>
  <testcase name="testDeleteUser" time="2.198" classname="api.testcase.UserTest"/>
  <testcase name="testCreateUser" time="1.825" classname="api.testcase.UserTestDD"/>
  <testcase name="testCreateUser" time="1.596" classname="api.testcase.UserTestDD"/>
  <testcase name="testCreateUser" time="1.602" classname="api.testcase.UserTestDD"/>
  <testcase name="testCreateUser" time="1.588" classname="api.testcase.UserTestDD"/>
  <testcase name="testDeleteUser" time="1.882" classname="api.testcase.UserTestDD"/>
  <testcase name="testDeleteUser" time="1.592" classname="api.testcase.UserTestDD"/>
  <testcase name="testDeleteUser" time="1.583" classname="api.testcase.UserTestDD"/>
  <testcase name="testDeleteUser" time="1.613" classname="api.testcase.UserTestDD"/>
</testsuite> <!-- Test -->
