<?xml version="1.0" encoding="UTF-8"?>
<!-- Generated by org.testng.reporters.JUnitXMLReporter -->
<testsuite hostname="LAPTOP-CLNODGQA" ignored="0" name="Default test" tests="8" failures="0" timestamp="2023-09-30T17:38:10 IST" time="18.934" errors="0">
  <testcase name="testCreateUser" time="3.994" classname="api.testcase.UserTestDD"/>
  <testcase name="testCreateUser" time="2.51" classname="api.testcase.UserTestDD"/>
  <testcase name="testCreateUser" time="1.86" classname="api.testcase.UserTestDD"/>
  <testcase name="testCreateUser" time="2.278" classname="api.testcase.UserTestDD"/>
  <testcase name="testDeleteUser" time="1.89" classname="api.testcase.UserTestDD"/>
  <testcase name="testDeleteUser" time="1.571" classname="api.testcase.UserTestDD"/>
  <testcase name="testDeleteUser" time="1.949" classname="api.testcase.UserTestDD"/>
  <testcase name="testDeleteUser" time="1.867" classname="api.testcase.UserTestDD"/>
</testsuite> <!-- Default test -->
